100000 -100000
100000 -100000
100000 -100000
100000 -100000
100000 -100000
100000 -100000
100000 -100000
100000 -100000
100000 -100000
100000 -100000
100000 -100000
100000 -100000
100000 -100000
100000 -100000
100000 -100000
100000 -100000
100000 -100000
100000 -100000
100000 -100000
100000 -100000
100000 -100000
100000 -100000
100000 -100000
100000 -100000
100000 -100000
100000 -100000
100000 -100000
100000 -100000
100000 -100000
100000 -100000
100000 -100000
100000 -100000
100000 -100000
100000 -99999
100000 -99999
100000 -99999
100000 -99999
100000 -99999
100000 -99999
100000 -99999
100000 -99999
100000 -99999
100000 -99999
100000 -99999
99999 -99999
99999 -99999
99999 -99999
99999 -99999
99999 -99999
99999 -99999
99999 -99999
99999 -99999
99999 -99999
99999 -99999
99999 -99999
99999 -99999
99999 -99999
99999 -99999
99999 -99999
99999 -99999
99999 -99999
99999 -99999
99999 -99999
99999 -99999
99999 -99999
99999 -99998
99999 -99998
99999 -99998
99999 -99998
99999 -99998
99999 -99998
99999 -99998
99999 -99998
99999 -99998
99999 -99998
99999 -99998
99999 -99998
99999 -99998
99998 -99998
99998 -99998
99998 -99998
99998 -99998
99998 -99998
99998 -99998
99998 -99998
99998 -99998
99998 -99998
99998 -99998
99998 -99998
99998 -99998
99998 -99998
99998 -99998
99998 -99998
99998 -99998
99998 -99998
99998 -99998
99998 -99998
99998 -99998
99998 -99998
99998 -99998
99998 -99998
99998 -99998
99998 -99998
99997 -99998
99997 -99998
99997 -99998
99997 -99998
99997 -99998
99997 -99997
99997 -99997
99997 -99997
99997 -99997
99997 -99997
99997 -99997
99997 -99997
99997 -99997
99997 -99997
99997 -99997
99997 -99997
99997 -99997
99997 -99997
99997 -99997
99997 -99997
99997 -99997
99997 -99997
99997 -99997
99997 -99997
99997 -99997
99997 -99997
99997 -99997
99997 -99997
99997 -99997
99997 -99997
99997 -99997
99997 -99997
99996 -99997
99996 -99997
99996 -99997
99996 -99997
99996 -99997
99996 -99997
99996 -99997
99996 -99997
99996 -99996
99996 -99996
99996 -99996
99996 -99996
99996 -99996
99996 -99996
99996 -99996
99996 -99996
99996 -99996
99996 -99996
99996 -99996
99996 -99996
99996 -99996
99996 -99996
99996 -99996
99996 -99996
99996 -99996
99996 -99996
99996 -99996
99995 -99996
99995 -99996
99995 -99996
99995 -99996
99995 -99996
99995 -99996
99995 -99996
99995 -99996
99995 -99996
99995 -99996
99995 -99996
99995 -99996
99995 -99996
99995 -99996
99995 -99996
99995 -99996
99995 -99996
99995 -99996
99995 -99995
99995 -99995
99995 -99995
99995 -99995
99995 -99995
99995 -99995
99995 -99995
99995 -99995
99995 -99995
99995 -99995
99995 -99995
99995 -99995
99995 -99995
99995 -99995
99995 -99995
99995 -99995
99995 -99995
99995 -99995
99995 -99995
99995 -99995
99994 -99995
99994 -99995
99994 -99995
99994 -99995
99994 -99995
99994 -99995
99994 -99995
99994 -99995
99994 -99995
99994 -99995
99994 -99995
99994 -99995
99994 -99995
99994 -99995
99994 -99995
99994 -99995
99994 -99995
99994 -99995
99994 -99995
99994 -99994
99994 -99994
99994 -99994
99994 -99994
99994 -99994
99994 -99994
99994 -99994
99994 -99994
99994 -99994
99994 -99994
99994 -99994
99994 -99994
99994 -99994
99994 -99994
99994 -99994
99994 -99994
99994 -99994
99994 -99994
99994 -99994
99994 -99994
99994 -99994
99994 -99994
99994 -99994
99994 -99994
99994 -99994
99994 -99994
99994 -99994
99994 -99994
99994 -99994
99993 -99994
99993 -99994
99993 -99994
99993 -99994
99993 -99994
99993 -99994
99993 -99994
99993 -99994
99993 -99993
99993 -99993
99993 -99993
99993 -99993
99993 -99993
99993 -99993
99993 -99993
99993 -99993
99993 -99993
99993 -99993
99993 -99993
99993 -99993
99993 -99993
99993 -99993
99993 -99993
99993 -99993
99993 -99993
99993 -99993
99993 -99993
99993 -99993
99993 -99993
99993 -99993
99993 -99993
99993 -99993
99993 -99993
99993 -99993
99993 -99993
99993 -99993
99992 -99993
99992 -99993
99992 -99993
99992 -99993
99992 -99993
99992 -99993
99992 -99993
99992 -99993
99992 -99993
99992 -99993
99992 -99993
99992 -99993
99992 -99992
99992 -99992
99992 -99992
99992 -99992
99992 -99992
99992 -99992
99992 -99992
99992 -99992
99992 -99992
99992 -99992
99992 -99992
99992 -99992
99992 -99992
99992 -99992
99992 -99992
99992 -99992
99992 -99992
99992 -99992
99992 -99992
99992 -99992
99992 -99992
99992 -99992
99992 -99992
99991 -99992
99991 -99992
99991 -99992
99991 -99992
99991 -99992
99991 -99992
99991 -99992
99991 -99992
99991 -99992
99991 -99992
99991 -99992
99991 -99992
99991 -99992
99991 -99992
99991 -99992
99991 -99992
99991 -99992
99991 -99992
99991 -99991
99991 -99991
99991 -99991
99991 -99991
99991 -99991
99991 -99991
99991 -99991
99991 -99991
99991 -99991
99991 -99991
99991 -99991
99991 -99991
99991 -99991
99991 -99991
99991 -99991
99991 -99991
99991 -99991
99991 -99991
99991 -99991
99991 -99991
99991 -99991
99991 -99991
99991 -99991
99991 -99991
99991 -99991
99990 -99991
99990 -99991
99990 -99991
99990 -99991
99990 -99991
99990 -99991
99990 -99991
99990 -99991
99990 -99991
99990 -99991
99990 -99991
99990 -99991
99990 -99991
99990 -99991
99990 -99991
99990 -99991
99990 -99991
99990 -99991
99990 -99991
99990 -99991
99990 -99990
99990 -99990
99990 -99990
99990 -99990
99990 -99990
99990 -99990
99990 -99990
99990 -99990
99990 -99990
99990 -99990
99990 -99990
99990 -99990
99990 -99990
99990 -99990
99990 -99990
99990 -99990
99990 -99990
99990 -99990
99990 -99990
99990 -99990
99990 -99990
99990 -99990
99990 -99990
99990 -99990
99990 -99990
99990 -99990
99990 -99990
99990 -99990
-99990 -99990
-99990 -99990
-99990 -99990
-99990 -99990
-99990 -99990
-99990 -99990
-99990 -99990
-99990 -99990
-99990 99990
-99990 99990
-99990 99990
-99990 99990
-99990 99990
-99990 99990
-99990 99990
-99990 99990
-99990 99990
-99990 99990
-99990 99990
-99990 99990
-99990 99990
-99990 99990
-99990 99990
-99990 99990
-99990 99990
-99990 99990
-99990 99990
-99990 99990
-99990 99990
-99990 99990
-99990 99990
-99990 99990
-99990 99990
-99990 99990
-99990 99990
-99990 99990
-99990 99990
-99991 99990
-99991 99990
-99991 99990
-99991 99990
-99991 99990
-99991 99990
-99991 99990
-99991 99990
-99991 99990
-99991 99990
-99991 99990
-99991 99990
-99991 99990
-99991 99990
-99991 99990
-99991 99990
-99991 99990
-99991 99990
-99991 99991
-99991 99991
-99991 99991
-99991 99991
-99991 99991
-99991 99991
-99991 99991
-99991 99991
-99991 99991
-99991 99991
-99991 99991
-99991 99991
-99991 99991
-99991 99991
-99991 99991
-99991 99991
-99991 99991
-99992 99991
-99992 99991
-99992 99991
-99992 99991
-99992 99991
-99992 99991
-99992 99991
-99992 99991
-99992 99991
-99992 99991
-99992 99991
-99992 99991
-99992 99991
-99992 99991
-99992 99991
-99992 99991
-99992 99991
-99992 99991
-99992 99991
-99992 99991
-99992 99991
-99992 99992
-99992 99992
-99992 99992
-99992 99992
-99992 99992
-99992 99992
-99992 99992
-99992 99992
-99992 99992
-99992 99992
-99992 99992
-99992 99992
-99992 99992
-99992 99992
-99992 99992
-99993 99992
-99993 99992
-99993 99992
-99993 99992
-99993 99992
-99993 99992
-99993 99992
-99993 99992
-99993 99992
-99993 99992
-99993 99992
-99993 99992
-99993 99992
-99993 99993
-99993 99993
-99993 99993
-99993 99993
-99993 99993
-99993 99993
-99993 99993
-99993 99993
-99993 99993
-99993 99993
-99993 99993
-99993 99993
-99993 99993
-99993 99993
-99993 99993
-99993 99993
-99993 99993
-99993 99993
-99993 99993
-99993 99993
-99993 99993
-99993 99993
-99993 99993
-99993 99993
-99993 99993
-99993 99993
-99993 99993
-99993 99994
-99994 99994
-99994 99994
-99994 99994
-99994 99994
-99994 99994
-99994 99994
-99994 99994
-99994 99994
-99994 99994
-99994 99994
-99994 99994
-99994 99994
-99994 99994
-99994 99994
-99994 99994
-99994 99994
-99994 99994
-99994 99994
-99994 99994
-99994 99994
-99994 99994
-99994 99994
-99994 99994
-99994 99994
-99994 99994
-99994 99994
-99994 99994
-99994 99994
-99994 99994
-99994 99994
-99994 99994
-99994 99994
-99994 99994
-99994 99994
-99995 99994
-99995 99994
-99995 99994
-99995 99994
-99995 99995
-99995 99995
-99995 99995
-99995 99995
-99995 99995
-99995 99995
-99995 99995
-99995 99995
-99995 99995
-99995 99995
-99995 99995
-99995 99995
-99995 99995
-99995 99995
-99995 99995
-99995 99995
-99995 99995
-99995 99995
-99995 99995
-99995 99995
-99995 99995
-99995 99995
-99995 99995
-99995 99995
-99995 99995
-99995 99995
-99995 99995
-99995 99995
-99995 99995
-99995 99995
-99995 99995
-99996 99995
-99996 99995
-99996 99995
-99996 99995
-99996 99995
-99996 99995
-99996 99995
-99996 99996
-99996 99996
-99996 99996
-99996 99996
-99996 99996
-99996 99996
-99996 99996
-99996 99996
-99996 99996
-99996 99996
-99996 99996
-99996 99996
-99996 99996
-99996 99996
-99996 99996
-99996 99996
-99996 99996
-99996 99996
-99996 99996
-99996 99996
-99996 99996
-99996 99996
-99996 99996
-99996 99996
-99996 99996
-99996 99996
-99996 99996
-99996 99996
-99996 99996
-99997 99996
-99997 99996
-99997 99996
-99997 99996
-99997 99996
-99997 99996
-99997 99996
-99997 99997
-99997 99997
-99997 99997
-99997 99997
-99997 99997
-99997 99997
-99997 99997
-99997 99997
-99997 99997
-99997 99997
-99997 99997
-99997 99997
-99997 99997
-99997 99997
-99997 99997
-99997 99997
-99997 99997
-99997 99997
-99998 99997
-99998 99997
-99998 99997
-99998 99997
-99998 99997
-99998 99997
-99998 99997
-99998 99997
-99998 99997
-99998 99997
-99998 99997
-99998 99997
-99998 99997
-99998 99997
-99998 99997
-99998 99997
-99998 99997
-99998 99997
-99998 99997
-99998 99997
-99998 99997
-99998 99997
-99998 99997
-99998 99997
-99998 99998
-99998 99998
-99998 99998
-99998 99998
-99999 99998
-99999 99998
-99999 99998
-99999 99998
-99999 99998
-99999 99998
-99999 99998
-99999 99998
-99999 99998
-99999 99998
-99999 99998
-99999 99998
-99999 99998
-99999 99998
-99999 99998
-99999 99998
-99999 99998
-99999 99998
-99999 99998
-99999 99998
-99999 99998
-99999 99998
-99999 99998
-99999 99998
-99999 99998
-99999 99998
-99999 99998
-99999 99999
-99999 99999
-99999 99999
-99999 99999
-99999 99999
-99999 99999
-99999 99999
-99999 99999
-99999 99999
-99999 99999
-99999 99999
-99999 99999
-99999 99999
-99999 99999
-99999 99999
-99999 99999
-99999 99999
-99999 99999
-99999 99999
-99999 99999
-99999 99999
-99999 99999
-99999 99999
-99999 99999
-100000 99999
-100000 99999
-100000 100000
-100000 100000
-100000 100000
-100000 100000
-100000 100000
-100000 100000
-100000 100000
-100000 100000
-100000 100000
-100000 100000
-100000 100000
-100000 100000
-100000 100000
-100000 100000
-100000 100000
-100000 100000
-100000 100000
-100000 100000
-100000 100000
-100000 100000
-100000 100000
-100000 100000
-100000 100000
-100000 100000
-100000 100000
-100000 100000
-100000 100000
-100000 100000
-100000 100000
-100000 100000
Case #1: -7839202227936
100000 99990
100000 99990
100000 99990
100000 99990
100000 99990
100000 99990
100000 99990
100000 99990
100000 99990
100000 99990
100000 99990
100000 99990
100000 99990
100000 99990
100000 99990
100000 99990
100000 99990
100000 99990
100000 99990
100000 99990
100000 99990
100000 99990
100000 99990
100000 99990
100000 99990
100000 99990
100000 99990
100000 99990
100000 99990
100000 99990
100000 99990
100000 99990
100000 99990
100000 99990
100000 99990
100000 99990
100000 99990
100000 99990
100000 99990
100000 99990
100000 99990
100000 99990
100000 99990
100000 99990
100000 99990
100000 99990
100000 99990
100000 99990
100000 99990
100000 99990
100000 99990
100000 99990
100000 99990
100000 99990
100000 99990
100000 99990
100000 99990
100000 99990
100000 99990
100000 99990
100000 99990
100000 99990
100000 99990
100000 99990
100000 99990
100000 99990
100000 99990
100000 99990
99999 99990
99999 99990
99999 99990
99999 99990
99999 99990
99999 99990
99999 99990
99999 99990
99999 99991
99999 99991
99999 99991
99999 99991
99999 99991
99999 99991
99999 99991
99999 99991
99999 99991
99999 99991
99999 99991
99999 99991
99999 99991
99999 99991
99999 99991
99999 99991
99999 99991
99999 99991
99999 99991
99999 99991
99999 99991
99999 99991
99999 99991
99999 99991
99999 99991
99999 99991
99999 99991
99999 99991
99999 99991
99999 99991
99999 99991
99999 99991
99999 99991
99999 99991
99999 99991
99999 99991
99999 99991
99999 99991
99999 99991
99999 99991
99999 99991
99999 99991
99999 99991
99999 99991
99999 99991
99999 99991
99999 99991
99999 99991
99999 99991
99999 99991
99999 99991
99999 99991
99999 99991
99999 99991
99999 99991
99999 99991
99999 99991
99999 99991
99999 99991
99999 99991
99999 99991
99999 99992
99998 99992
99998 99992
99998 99992
99998 99992
99998 99992
99998 99992
99998 99992
99998 99992
99998 99992
99998 99992
99998 99992
99998 99992
99998 99992
99998 99992
99998 99992
99998 99992
99998 99992
99998 99992
99998 99992
99998 99992
99998 99992
99998 99992
99998 99992
99998 99992
99998 99992
99998 99992
99998 99992
99998 99992
99998 99992
99998 99992
99998 99992
99998 99992
99998 99992
99998 99992
99998 99992
99998 99992
99998 99992
99998 99992
99998 99992
99998 99992
99998 99992
99998 99992
99998 99992
99998 99992
99998 99992
99998 99992
99998 99992
99998 99992
99998 99992
99998 99992
99998 99992
99998 99992
99998 99992
99998 99992
99998 99992
99998 99992
99998 99992
99998 99992
99998 99992
99998 99992
99998 99992
99998 99992
99998 99992
99998 99992
99998 99992
99998 99992
99998 99992
99998 99992
99998 99992
99998 99992
99998 99992
99998 99992
99998 99992
99998 99992
99998 99992
99998 99993
99998 99993
99998 99993
99998 99993
99997 99993
99997 99993
99997 99993
99997 99993
99997 99993
99997 99993
99997 99993
99997 99993
99997 99993
99997 99993
99997 99993
99997 99993
99997 99993
99997 99993
99997 99993
99997 99993
99997 99993
99997 99993
99997 99993
99997 99993
99997 99993
99997 99993
99997 99993
99997 99993
99997 99993
99997 99993
99997 99993
99997 99993
99997 99993
99997 99993
99997 99993
99997 99993
99997 99993
99997 99993
99997 99993
99997 99993
99997 99993
99997 99993
99997 99993
99997 99993
99997 99993
99997 99993
99997 99993
99997 99993
99997 99993
99997 99993
99997 99993
99997 99993
99997 99993
99997 99993
99997 99993
99997 99993
99997 99993
99997 99993
99997 99993
99997 99993
99997 99993
99997 99993
99997 99993
99997 99993
99997 99993
99997 99993
99997 99993
99997 99993
99997 99993
99997 99993
99997 99993
99997 99993
99997 99993
99997 99993
99997 99993
99997 99993
99997 99994
99997 99994
99997 99994
99997 99994
99997 99994
99997 99994
99997 99994
99997 99994
99996 99994
99996 99994
99996 99994
99996 99994
99996 99994
99996 99994
99996 99994
99996 99994
99996 99994
99996 99994
99996 99994
99996 99994
99996 99994
99996 99994
99996 99994
99996 99994
99996 99994
99996 99994
99996 99994
99996 99994
99996 99994
99996 99994
99996 99994
99996 99994
99996 99994
99996 99994
99996 99994
99996 99994
99996 99994
99996 99994
99996 99994
99996 99994
99996 99994
99996 99994
99996 99994
99996 99994
99996 99994
99996 99994
99996 99994
99996 99994
99996 99994
99996 99994
99996 99994
99996 99994
99996 99994
99996 99994
99996 99994
99996 99994
99996 99994
99996 99994
99996 99994
99996 99994
99996 99994
99996 99994
99996 99994
99996 99994
99996 99994
99996 99994
99996 99994
99996 99995
99996 99995
99996 99995
99996 99995
99996 99995
99996 99995
99996 99995
99996 99995
99996 99995
99996 99995
99996 99995
99996 99995
99996 99995
99995 99995
99995 99995
99995 99995
99995 99995
99995 99995
99995 99995
99995 99995
99995 99995
99995 99995
99995 99995
99995 99995
99995 99995
99995 99995
99995 99995
99995 99995
99995 99995
99995 99995
99995 99995
99995 99995
99995 99995
99995 99995
99995 99995
99995 99995
99995 99995
99995 99995
99995 99995
99995 99995
99995 99995
99995 99995
99995 99995
99995 99995
99995 99995
99995 99995
99995 99995
99995 99995
99995 99995
99995 99995
99995 99995
99995 99995
99995 99995
99995 99995
99995 99995
99995 99995
99995 99995
99995 99995
99995 99995
99995 99995
99995 99995
99995 99995
99995 99995
99995 99995
99995 99995
99995 99995
99995 99995
99995 99995
99995 99995
99995 99995
99995 99995
99995 99996
99995 99996
99995 99996
99995 99996
99995 99996
99995 99996
99995 99996
99994 99996
99994 99996
99994 99996
99994 99996
99994 99996
99994 99996
99994 99996
99994 99996
99994 99996
99994 99996
99994 99996
99994 99996
99994 99996
99994 99996
99994 99996
99994 99996
99994 99996
99994 99996
99994 99996
99994 99996
99994 99996
99994 99996
99994 99996
99994 99996
99994 99996
99994 99996
99994 99996
99994 99996
99994 99996
99994 99996
99994 99996
99994 99996
99994 99996
99994 99996
99994 99996
99994 99996
99994 99996
99994 99996
99994 99996
99994 99996
99994 99996
99994 99996
99994 99996
99994 99996
99994 99996
99994 99996
99994 99996
99994 99996
99994 99996
99994 99996
99994 99996
99994 99996
99994 99996
99994 99996
99994 99996
99994 99996
99994 99996
99994 99996
99994 99996
99994 99996
99994 99996
99994 99996
99994 99996
99994 99996
99994 99996
99994 99996
99994 99996
99994 99996
99994 99996
99994 99996
99994 99996
99994 99996
99994 99996
99994 99996
99994 99996
99994 99996
99994 99997
99994 99997
99994 99997
99994 99997
99993 99997
99993 99997
99993 99997
99993 99997
99993 99997
99993 99997
99993 99997
99993 99997
99993 99997
99993 99997
99993 99997
99993 99997
99993 99997
99993 99997
99993 99997
99993 99997
99993 99997
99993 99997
99993 99997
99993 99997
99993 99997
99993 99997
99993 99997
99993 99997
99993 99997
99993 99997
99993 99997
99993 99997
99993 99997
99993 99997
99993 99997
99993 99997
99993 99997
99993 99997
99993 99997
99993 99997
99993 99997
99993 99997
99993 99997
99993 99997
99993 99997
99993 99997
99993 99997
99993 99997
99993 99997
99993 99997
99993 99997
99993 99997
99993 99997
99993 99997
99993 99997
99993 99997
99993 99997
99993 99997
99993 99997
99993 99997
99993 99997
99993 99997
99993 99997
99993 99997
99993 99997
99993 99997
99993 99997
99993 99997
99993 99997
99993 99997
99993 99997
99993 99997
99992 99998
99992 99998
99992 99998
99992 99998
99992 99998
99992 99998
99992 99998
99992 99998
99992 99998
99992 99998
99992 99998
99992 99998
99992 99998
99992 99998
99992 99998
99992 99998
99992 99998
99992 99998
99992 99998
99992 99998
99992 99998
99992 99998
99992 99998
99992 99998
99992 99998
99992 99998
99992 99998
99992 99998
99992 99998
99992 99998
99992 99998
99992 99998
99992 99998
99992 99998
99992 99998
99992 99998
99992 99998
99992 99998
99992 99998
99992 99998
99992 99998
99992 99998
99992 99998
99992 99998
99992 99998
99992 99998
99992 99998
99992 99998
99992 99998
99992 99998
99992 99998
99992 99998
99992 99998
99992 99998
99992 99998
99992 99998
99992 99998
99992 99998
99992 99998
99992 99998
99992 99998
99992 99998
99992 99998
99992 99998
99992 99998
99992 99998
99992 99998
99992 99998
99992 99998
99992 99998
99992 99998
99992 99998
99991 99998
99991 99998
99991 99998
99991 99998
99991 99998
99991 99998
99991 99998
99991 99998
99991 99998
99991 99998
99991 99998
99991 99998
99991 99998
99991 99998
99991 99999
99991 99999
99991 99999
99991 99999
99991 99999
99991 99999
99991 99999
99991 99999
99991 99999
99991 99999
99991 99999
99991 99999
99991 99999
99991 99999
99991 99999
99991 99999
99991 99999
99991 99999
99991 99999
99991 99999
99991 99999
99991 99999
99991 99999
99991 99999
99991 99999
99991 99999
99991 99999
99991 99999
99991 99999
99991 99999
99991 99999
99991 99999
99991 99999
99991 99999
99991 99999
99991 99999
99991 99999
99991 99999
99991 99999
99991 99999
99991 99999
99991 99999
99991 99999
99991 99999
99991 99999
99991 99999
99991 99999
99991 99999
99991 99999
99991 99999
99991 99999
99991 99999
99991 99999
99991 99999
99991 99999
99991 99999
99991 99999
99991 99999
99991 99999
99991 99999
99991 100000
99991 100000
99990 100000
99990 100000
99990 100000
99990 100000
99990 100000
99990 100000
99990 100000
99990 100000
99990 100000
99990 100000
99990 100000
99990 100000
99990 100000
99990 100000
99990 100000
99990 100000
99990 100000
99990 100000
99990 100000
99990 100000
99990 100000
99990 100000
99990 100000
99990 100000
99990 100000
99990 100000
99990 100000
99990 100000
99990 100000
99990 100000
99990 100000
99990 100000
99990 100000
99990 100000
99990 100000
99990 100000
99990 100000
99990 100000
99990 100000
99990 100000
99990 100000
99990 100000
99990 100000
99990 100000
99990 100000
99990 100000
99990 100000
99990 100000
99990 100000
99990 100000
99990 100000
99990 100000
99990 100000
99990 100000
99990 100000
99990 100000
99990 100000
99990 100000
99990 100000
99990 100000
99990 100000
99990 100000
99990 100000
99990 100000
99990 100000
99990 100000
99990 100000
99990 100000
99990 100000
99990 100000
Case #2: 7999201712083
99742 -99787
99088 -99400
98550 -93665
98048 -92417
95012 -91754
94263 -90630
92810 -90423
91419 -90244
90828 -89862
89814 -88687
86858 -85880
86281 -85660
86144 -84557
86044 -83313
85362 -83023
85062 -82361
84194 -80121
84063 -78637
83558 -78358
83461 -78355
83348 -77801
83139 -77775
81859 -77011
81404 -75600
80936 -75180
80307 -74089
79615 -73487
78679 -73016
78570 -72787
77282 -71951
76939 -71884
76285 -71679
76044 -71655
76041 -71185
75698 -70711
75452 -70281
74688 -69739
74672 -69539
74429 -69029
74282 -68195
73061 -68094
72715 -67999
72643 -67276
72550 -67216
72375 -66858
71651 -65922
71647 -64789
71273 -64548
70649 -63951
70352 -63444
70073 -63223
68916 -62957
68805 -62742
68223 -61915
67500 -61685
67466 -61586
67320 -61551
66928 -61525
66792 -61034
66746 -60561
66229 -60133
66200 -59509
66119 -58816
65526 -58627
65488 -58569
65148 -58236
64648 -58161
64598 -57720
63971 -57586
63724 -57401
63405 -57119
63184 -57015
61299 -56956
61279 -56400
61135 -55125
60584 -54856
60346 -54199
60221 -53643
60033 -53429
59797 -53320
59158 -53035
58919 -52858
58888 -52418
58688 -52320
58565 -51965
58054 -51810
57947 -51478
57824 -51054
57123 -50742
56878 -50438
56242 -50398
56230 -50317
56112 -50016
55745 -49438
55713 -48502
54416 -48235
53844 -48180
53627 -48110
53621 -47711
53122 -47594
52380 -46902
51793 -46293
51551 -46240
51391 -45966
51387 -45927
51349 -45604
51132 -45439
50801 -45417
50373 -44733
50016 -44250
49843 -43568
49690 -43445
49519 -43231
49488 -42996
48607 -42741
48343 -42627
48267 -42525
48088 -42233
47817 -42145
47268 -41205
47214 -40953
46951 -40912
46850 -40495
46771 -39253
46646 -39141
45106 -38480
44905 -38369
44298 -38152
43869 -38120
43809 -37881
43746 -37534
42996 -37257
42034 -37057
41942 -36775
41599 -36753
41412 -36368
40147 -35732
39993 -35701
39411 -35520
39367 -35059
39224 -34623
38491 -34564
38394 -34183
37498 -33975
37383 -33756
37208 -33076
37104 -32832
37081 -32748
36376 -32459
36181 -32137
36110 -32050
35756 -31939
35702 -31815
35611 -31658
35485 -31131
35052 -31015
34681 -30951
34409 -30225
34391 -30013
34065 -29914
33775 -29856
33631 -29715
33542 -29595
33411 -29387
33364 -29262
33124 -28967
32830 -28870
32506 -28789
32364 -28773
32350 -28298
32195 -28017
31890 -27610
31847 -27577
31799 -27519
31767 -27453
31667 -27428
31651 -27051
31338 -26956
31272 -26844
31164 -26590
30660 -26042
30625 -25748
30337 -25672
30231 -25263
30090 -25234
30022 -25160
29933 -25085
29749 -25072
29667 -24890
29624 -24880
29029 -24614
28816 -24576
28649 -24103
28483 -23825
28419 -23667
28352 -23659
28011 -23475
27992 -23296
27922 -22817
27786 -22727
27612 -22651
27227 -21788
26790 -21740
26010 -21549
25743 -21515
25692 -21391
25463 -21320
25407 -21282
25405 -21073
24946 -20829
24832 -20694
24658 -20679
24378 -20414
24155 -20323
24116 -20209
24046 -20073
23961 -19851
23900 -19814
23690 -19775
23517 -19573
23110 -19159
22972 -18972
22896 -18817
22880 -18667
22867 -18662
22728 -18661
22704 -18574
21892 -17341
21495 -17287
21447 -17265
21352 -17007
21120 -16873
21082 -16729
20981 -16727
20915 -16521
20913 -16482
20738 -16345
20611 -16330
20585 -16290
20058 -16253
20015 -16135
19889 -16113
19595 -15851
19516 -15698
19281 -15453
19156 -15108
18997 -15096
18887 -15038
18807 -14990
18710 -14989
18606 -14839
18511 -14700
18495 -14670
18177 -14620
17876 -14361
17582 -14346
16999 -14239
16903 -14165
16726 -14038
16348 -13861
16232 -13747
16196 -13399
16193 -13365
16108 -13235
16049 -13214
15879 -13205
15819 -13123
15816 -13122
15626 -13068
15305 -12967
15170 -12901
15115 -12864
15001 -12723
14742 -11920
14101 -11919
13974 -11705
13656 -11651
13315 -11597
13275 -11440
13209 -10775
13047 -10574
12792 -10573
12437 -10475
12222 -10415
12140 -10360
11803 -10354
11734 -10277
11615 -10040
11582 -10040
11181 -9856
11088 -9738
10960 -9576
10790 -9439
10313 -9425
9684 -9220
9506 -9127
9470 -9051
9450 -8956
9439 -8846
9280 -8645
9250 -8587
9119 -8399
8980 -8259
8860 -8163
8701 -7864
8398 -7621
8332 -7587
8108 -7492
7941 -7398
7927 -7296
7642 -7148
7562 -6716
7103 -6666
7078 -6607
6826 -6499
6726 -6476
6719 -6213
6285 -6131
6208 -5907
6193 -5881
5963 -5740
5540 -5717
5387 -5475
5022 -5453
4947 -5372
4944 -5003
4376 -4968
4183 -4840
4183 -4741
4175 -4694
4020 -4693
3986 -4642
3959 -4635
3819 -4328
3734 -4321
3720 -4025
3625 -3980
3524 -3898
3502 -3659
3481 -3567
3278 -3547
3166 -3238
3125 -3190
2885 -3041
2789 -2843
2638 -2742
2527 -2404
2230 -2234
2158 -2095
1940 -2010
1566 -1954
1549 -1906
1468 -1836
1384 -1719
1069 -1596
1019 -1589
753 -1492
693 -1321
531 -1287
488 -1030
324 -967
80 -956
26 -901
-66 -806
-358 -704
-376 -439
-498 -246
-516 -102
-584 -56
-662 3
-668 439
-794 568
-1000 753
-1233 795
-1336 832
-1360 848
-1710 912
-1963 943
-2027 1037
-2160 1119
-2238 1145
-2278 1153
-2476 1231
-2692 1281
-2829 1314
-2833 1325
-2849 1437
-2917 1467
-2969 1544
-3149 1719
-3253 1881
-3292 1910
-3425 2040
-3437 2040
-3615 2215
-3696 2264
-3769 2321
-3846 2326
-4247 2358
-4325 2424
-4392 2468
-4445 2575
-4710 2735
-4876 2878
-4956 3101
-5092 3259
-5128 3500
-5713 3626
-5736 3692
-5879 3751
-5976 3790
-6077 3871
-6095 3984
-6344 4043
-6350 4199
-6360 4609
-6577 4758
-6685 4825
-6732 5161
-6925 5284
-7184 5331
-7217 5386
-7574 5580
-7599 5619
-7655 6137
-7667 6571
-7674 6875
-8104 7101
-8146 7356
-8173 7672
-8236 7787
-8307 8027
-8512 8125
-8673 8194
-8881 8237
-8918 8636
-9133 8761
-9185 8794
-9346 8803
-9386 9009
-9915 9411
-10299 9654
-10339 9681
-10398 9737
-10573 9766
-10812 10076
-10813 10141
-11242 10347
-11270 10355
-11423 10481
-11534 10594
-11712 10761
-11734 10952
-11754 11157
-11781 11260
-12004 11361
-12045 11510
-12112 11714
-12157 11827
-12334 11850
-12386 11888
-12430 12288
-12823 12410
-12893 12505
-13169 12618
-13193 12697
-13278 12756
-13439 13173
-13716 13328
-13945 13975
-13947 14131
-14043 14257
-14138 14625
-14161 14789
-14263 14804
-14358 14859
-14443 14864
-14701 14870
-14953 14901
-15049 14961
-15196 15090
-15211 15263
-15278 15379
-15471 15640
-15642 15960
-15646 16155
-16132 16231
-16231 16347
-16242 16491
-16582 16922
-16602 17014
-17257 17113
-17289 17609
-17444 17785
-17944 17933
-17964 18161
-18143 18173
-18340 18177
-18406 18330
-18730 18724
-19050 18763
-19081 18891
-19220 19809
-19365 19842
-19593 19957
-19611 20215
-19720 20437
-19929 20982
-20029 21214
-20511 21238
-20547 21497
-20579 21566
-20838 21571
-20948 21901
-21119 22074
-21238 22388
-21265 22490
-21365 22610
-21402 22623
-21672 22821
-21951 22958
-22347 22979
-22391 23172
-22475 23207
-22512 23330
-22517 23604
-22525 23919
-22599 24298
-22704 24306
-23120 24410
-23179 24511
-23479 25007
-23493 25430
-23529 25596
-23555 25904
-23776 25945
-24214 26022
-24554 26168
-24796 26269
-24856 26276
-24872 26473
-24917 26625
-25016 26625
-25179 27406
-25349 27559
-25712 27879
-25926 27881
-26196 28000
-26420 28059
-26749 28313
-27107 28537
-27395 28977
-27617 29015
-27693 29020
-27804 29041
-27892 29249
-28260 29271
-28392 29401
-28543 29637
-28548 30228
-28660 30257
-28940 30728
-29109 30904
-29489 31168
-29582 31179
-29664 31334
-29818 31434
-30103 31608
-30166 31729
-30590 31857
-31956 32319
-32293 32751
-32409 33321
-32437 33417
-32447 33650
-32680 33677
-32930 33752
-32974 33966
-33120 34134
-33252 34323
-33369 34939
-33431 35143
-33906 35581
-34115 35969
-34161 36164
-34357 36549
-34363 36605
-34390 36831
-34841 36925
-35161 36940
-35197 36998
-35657 37141
-35731 37155
-35885 37240
-35992 37542
-37127 37927
-37552 38204
-38164 39687
-38348 39752
-38473 40020
-38735 40267
-38842 40307
-39287 40743
-39416 41008
-39531 41031
-39602 41157
-39686 41245
-40916 41295
-41312 42281
-41551 42318
-41710 42529
-42413 42873
-42648 42957
-42660 43194
-43047 43451
-43953 43717
-44092 44932
-44163 44953
-44805 45366
-44818 45379
-45073 47058
-45074 47284
-45289 47307
-46196 47387
-46962 47670
-47630 48328
-47703 48594
-47705 49310
-48054 50001
-48106 50238
-48804 50574
-49837 50885
-50627 51494
-51125 51763
-51254 52059
-51517 52186
-51855 52339
-52036 52347
-52118 52369
-52615 52438
-53311 52470
-54642 53245
-54909 54336
-55573 54473
-55936 54479
-56022 54759
-57323 55578
-57460 55707
-57510 55821
-57614 56123
-58326 56471
-58328 56642
-58921 57226
-59706 57257
-59884 57288
-60938 57706
-61440 57732
-61840 58178
-61955 58420
-62396 58815
-62469 59116
-62563 59136
-62574 59691
-62969 59926
-63432 60326
-64414 60571
-65014 61041
-65618 61238
-65705 61429
-66177 61688
-66457 62077
-66584 62217
-68190 63509
-68576 63625
-68593 64227
-68632 64251
-68862 64380
-69568 65055
-69641 65212
-69894 65379
-69972 66000
-70055 67002
-70514 67865
-70584 68164
-71153 68200
-71376 68326
-71635 69245
-72794 70405
-72846 70704
-73157 71966
-73675 72237
-74238 72656
-74370 74246
-74711 75201
-74752 75625
-74913 77501
-75249 77541
-75772 78077
-76427 78888
-77140 78956
-77946 79119
-78772 79596
-78870 80909
-78992 81504
-79982 81768
-80375 82572
-82787 83040
-83450 83364
-84993 83827
-85090 84127
-86007 85729
-86237 86231
-86266 86886
-86428 87022
-87613 87466
-87884 87890
-88120 87901
-88677 88185
-90895 88743
-91654 89525
-92638 90379
-93294 90541
-93860 91530
-94100 92355
-94283 94198
-95860 96596
-97223 97110
-97633 97939
-99051 98990
Case #3: -1313429236847
99859 -99647
99834 -99511
99632 -99307
99507 -99211
99330 -99165
99138 -99156
98973 -99059
98973 -98988
98884 -98663
98859 -98493
98785 -98418
98777 -98367
98723 -98297
98665 -98115
98600 -98070
98515 -98047
98477 -98041
98067 -98040
98017 -98031
97803 -97988
97793 -97878
97682 -97735
97580 -97662
97494 -97535
97216 -97385
97089 -97335
97022 -97240
96982 -97215
96972 -96985
96700 -96961
96690 -96428
96581 -96343
96325 -96295
96321 -96201
96209 -96191
96107 -96039
96082 -95857
96016 -95716
95854 -95690
95714 -95675
95712 -95567
95670 -95476
95620 -95068
95608 -94966
94996 -94843
94731 -94583
94591 -94396
94461 -94390
94279 -94227
94102 -94127
94028 -93957
93902 -93643
93762 -93598
93759 -93593
93550 -93565
93397 -93552
93100 -93401
93091 -93280
92751 -93275
92646 -93239
92595 -93094
92461 -92645
92235 -92513
92127 -92127
91892 -91964
91838 -91516
91818 -91431
91818 -91420
91806 -91301
91805 -91298
91539 -91172
91291 -91136
91280 -91082
91214 -91052
91013 -91052
91003 -91037
90632 -91021
90462 -90981
90398 -90909
90161 -90898
90040 -90840
89883 -90812
89720 -90758
89686 -90732
89377 -90598
89359 -90438
89355 -90149
89353 -90137
89249 -89986
89131 -89920
88926 -89699
88530 -89687
88421 -89531
88305 -89480
88279 -89382
87914 -89185
87706 -89183
87639 -89158
87558 -89074
87515 -89020
87287 -88799
87167 -88625
87053 -87977
86662 -87971
86466 -87878
86464 -87628
86459 -87530
86194 -87348
86112 -87289
86079 -87121
85881 -87023
85851 -86990
85830 -86790
85481 -86532
85384 -86511
85125 -86486
85062 -86295
84455 -85855
84074 -85643
84009 -85639
83928 -85562
83620 -85451
83596 -85443
83129 -85323
83086 -85311
82836 -84905
82678 -84890
82659 -84863
82502 -84604
82462 -84562
82285 -84504
82236 -84153
82105 -83987
81545 -83945
81514 -83911
81492 -83743
81403 -83721
81297 -83392
81172 -83384
80638 -82911
79963 -82766
79682 -82715
79596 -82633
79588 -82576
79509 -82533
79404 -82222
78647 -82123
78479 -81830
78477 -81679
78312 -81658
78305 -81646
78253 -81379
78046 -81318
77590 -81269
77519 -81231
77254 -81225
76763 -81209
76713 -81146
76641 -80881
76516 -80783
76266 -80758
76115 -80712
76080 -80493
76055 -80360
75836 -80342
75699 -80284
75579 -80240
75254 -80127
75193 -79920
74959 -79730
74262 -79443
73657 -79378
73433 -79269
73431 -79122
73029 -79057
72960 -78514
72556 -78373
72506 -78308
72410 -78235
72111 -78160
71994 -77907
71743 -77874
70989 -77037
70614 -76856
69742 -76739
69563 -76607
69213 -76394
68804 -76191
68777 -75994
68705 -75698
67967 -75634
67833 -75300
67829 -75296
67733 -75017
67409 -74964
67397 -74730
67076 -74444
66751 -74427
66317 -74230
66257 -73776
66128 -73379
65440 -73046
65342 -72831
65210 -72540
65120 -72302
64895 -72287
64796 -71994
64685 -71916
64502 -71750
64164 -71736
63208 -70862
63050 -70820
61762 -70075
61504 -69946
61485 -69702
61468 -69682
61402 -69603
60731 -69470
60660 -69136
60659 -69050
60094 -69029
59962 -68577
59817 -67357
59410 -66878
58929 -66624
58891 -66452
58544 -65865
58516 -65760
57663 -65400
57424 -64999
57399 -64216
57189 -64059
56946 -63984
56574 -63487
56315 -63398
56238 -63232
55860 -62807
55128 -62659
54726 -62657
53403 -61860
53325 -61848
53060 -60742
53055 -59476
53049 -59129
52204 -58778
52137 -58145
51992 -58067
51986 -57399
50693 -57353
50673 -56594
50653 -55902
50442 -55895
50014 -55646
49711 -54631
49291 -54536
49259 -54266
48852 -53389
48799 -53375
48685 -52684
47865 -52576
47758 -52320
47121 -52108
47091 -51350
45769 -50958
45251 -50540
44963 -50459
44824 -50099
44641 -50029
44235 -49987
43784 -49761
43744 -49555
43600 -49027
43276 -48850
43256 -48615
42999 -47941
42877 -47788
42669 -47197
42590 -47172
42132 -46352
42039 -46251
41904 -46234
41207 -46118
41106 -46082
40800 -45992
40591 -45690
40412 -45253
39886 -45107
38998 -45084
38781 -45052
38126 -44763
36828 -44580
36762 -44501
36495 -43907
36141 -43728
35952 -43498
35775 -43403
35203 -42953
34893 -42807
34850 -42360
34825 -41843
34384 -40762
34253 -40412
33460 -39918
31926 -39842
31828 -39085
31292 -38265
30303 -38107
29689 -37453
29470 -37378
28853 -37064
28114 -36480
28077 -35942
26395 -33690
25914 -33568
25622 -32950
25359 -32126
25171 -31228
24972 -30322
24941 -30116
24182 -29708
24152 -29358
23675 -28582
23635 -28330
23173 -27861
22747 -27484
22427 -25746
22252 -25621
21430 -25336
21333 -24368
21021 -23961
20995 -23246
19753 -22593
19372 -20502
17605 -19595
17372 -19060
17344 -19006
17093 -17777
16457 -17745
16222 -17324
15024 -17002
13334 -16308
11747 -16175
11453 -15755
11383 -15572
10737 -14884
10728 -14729
10622 -14350
8448 -13353
7444 -12149
7426 -11732
7193 -11611
6304 -11385
5401 -10349
4088 -10006
3298 -9726
3051 -9678
2817 -9442
2808 -8334
2003 -8100
1389 -7780
1068 -6619
898 -5324
452 -4804
201 -4392
160 -3899
-2732 -1486
-2783 -720
-2815 -129
-3149 26
-3167 904
-3452 1473
-3608 2026
-3958 2700
-5447 2926
-5722 4142
-8008 4336
-10176 4618
-10754 4710
-11681 5224
-13194 6249
-13967 7383
-15359 8075
-15476 8893
-16010 8958
-16486 9161
-16885 9950
-17086 10338
-18651 11782
-19562 12816
-19674 12860
-21551 13601
-22649 13692
-22980 13756
-24464 15404
-24795 15685
-24805 15982
-25843 16958
-26920 17548
-27692 17942
-27767 18070
-28741 18317
-28744 18367
-29235 19928
-29263 20199
-29573 20380
-30325 20396
-31240 20902
-31316 21275
-31751 21276
-32317 21292
-32318 22074
-32569 23222
-33221 24543
-33278 24906
-34117 25913
-34198 26388
-34944 27115
-35057 27561
-35952 27792
-36565 28624
-36763 28982
-37489 29090
-37866 29472
-38279 29702
-38541 29751
-39243 29841
-39648 30095
-40020 30200
-40158 30519
-40360 30646
-40623 30769
-40656 31184
-40961 31723
-41441 31851
-42220 32480
-42393 32487
-42457 33195
-42496 33320
-42563 34101
-42633 34336
-42968 34976
-43247 35338
-43499 35590
-43843 35931
-44001 35954
-44588 36018
-44913 36862
-45034 37692
-45053 39045
-46033 39286
-46568 39696
-47116 40011
-47181 41114
-47335 41184
-47336 42266
-47404 43025
-47499 43551
-47956 43695
-47969 43857
-48194 44696
-48532 44761
-48751 44851
-48893 45029
-48922 45342
-48978 45560
-49121 45661
-49679 46063
-49955 46074
-50157 46660
-50367 47305
-50421 47316
-50876 47864
-50882 48790
-51234 49150
-51305 49172
-52048 49364
-52061 49490
-52196 49696
-52986 49764
-53567 49962
-53775 50027
-55233 50469
-55240 50652
-55437 50854
-55733 51058
-56077 51167
-56078 51204
-57132 51599
-57275 51869
-57691 52438
-57776 52615
-57912 52655
-57990 52794
-58272 52803
-58481 53846
-58667 54380
-59109 54972
-59221 55089
-59985 55366
-59998 55521
-60072 55695
-60178 55805
-60408 55873
-60484 56267
-60701 56361
-60900 56629
-61211 57144
-61403 57662
-61621 58315
-62011 58752
-62204 59283
-62236 59398
-62418 59549
-63264 59683
-63430 59863
-63567 60087
-63718 60156
-63807 60566
-64201 61166
-64789 61429
-64877 61632
-65274 61677
-65467 61681
-65500 61757
-65656 61983
-65675 62296
-65859 62430
-66369 62497
-66405 63032
-66590 63684
-67696 63937
-67885 64052
-67903 64095
-68044 64645
-68071 64745
-68416 65076
-68586 65263
-68612 65372
-68654 65919
-68669 66055
-69066 66064
-69095 66161
-69647 66311
-69966 66357
-70625 66557
-70698 66569
-71496 66619
-71508 66626
-71562 67228
-71948 67257
-72563 67337
-72608 67778
-72662 67830
-72665 68207
-72941 68253
-73510 68431
-73743 68779
-73875 68911
-74066 69133
-74336 69384
-74443 69639
-74474 70461
-74716 70738
-74912 70792
-74973 70855
-75122 70923
-75127 71034
-75269 71383
-75905 71681
-76119 71879
-76135 72203
-76154 72241
-76539 72297
-76693 72344
-76768 72592
-77280 72659
-77368 72774
-77478 72994
-77623 73420
-77718 73495
-77739 73911
-77889 74076
-77984 74102
-78007 74110
-78156 74188
-78286 74191
-78479 74314
-78585 74317
-78780 74532
-78881 74715
-78935 74991
-79019 75328
-79145 75338
-79460 75807
-79512 76095
-79521 76098
-79900 76154
-80066 76560
-80268 76598
-80289 76972
-80319 77118
-80331 77152
-80380 77776
-80998 77882
-81287 78094
-81616 78288
-81739 78834
-81827 78849
-82247 78996
-82354 79296
-82564 79473
-82983 79524
-83191 79662
-83381 79719
-83467 79937
-83469 79989
-83593 80165
-83770 80302
-83941 80553
-83953 80830
-84365 80905
-84382 81196
-84406 81261
-84593 81305
-85131 81351
-85210 81499
-85232 81525
-85247 81663
-85502 81674
-85605 81725
-85658 82416
-85770 82706
-85780 82740
-85940 82741
-86548 82851
-86687 83086
-86830 83463
-86862 83924
-86894 84021
-86919 84327
-86944 84378
-86985 84791
-87115 84944
-87194 84953
-88097 84970
-88281 85016
-88413 85245
-88455 85333
-88504 85344
-88565 85497
-88609 85512
-88653 85765
-88819 86142
-88846 86632
-89013 86841
-89045 87044
-89145 87099
-89484 87135
-89489 87450
-89512 87562
-89611 88057
-89628 88141
-89651 88386
-89676 88387
-89855 88469
-90102 88621
-90109 88629
-90129 88633
-90178 88743
-90424 89082
-90467 89184
-90520 89209
-90607 89349
-90806 89465
-91032 89619
-91064 89644
-91099 89716
-91277 90006
-91342 90238
-91377 90807
-91386 90940
-91532 91218
-91609 91689
-91625 91826
-91697 91928
-91863 92056
-91910 92069
-92012 92200
-92099 92292
-92121 92332
-92369 92353
-92775 92574
-92782 92754
-92926 93152
-93106 93183
-93292 93431
-93357 93745
-93623 93802
-93865 93825
-93867 94116
-93974 94407
-94010 94415
-94018 94503
-94323 94583
-94460 94723
-94470 94878
-94573 95420
-94799 95439
-95129 95460
-95278 95538
-95351 95946
-95389 96297
-95616 96360
-95670 96372
-95686 96414
-95766 96476
-96095 96550
-96150 96710
-96205 96734
-96549 96896
-96571 96925
-96711 96970
-96751 96988
-96885 97040
-96890 97182
-97255 97182
-97262 97446
-97434 97563
-97541 97781
-97700 97789
-97719 97948
-97973 97964
-97986 98035
-98015 98128
-98147 98469
-98255 98577
-98290 98623
-98444 99011
-98856 99056
-98928 99508
-99272 99683
-99600 99738
-99765 99850
-99795 99872
-99931 99999
Case #4: -3710387739618
99671 -99982
99603 -99932
99311 -99914
99096 -99808
99089 -99547
98961 -99537
98918 -99202
98775 -99063
98649 -99029
98615 -98738
98397 -98355
98370 -98254
98364 -97810
98302 -97694
98119 -97685
97937 -97496
97904 -97462
97763 -97131
97569 -96822
97494 -96597
97448 -96258
97355 -96254
97302 -96157
97293 -96080
97126 -96057
96943 -95965
96885 -95863
96838 -95765
96820 -95722
96690 -95669
96669 -95401
96628 -95391
96579 -95385
96567 -95358
96012 -95305
95702 -95301
95674 -95119
95067 -95064
94684 -94472
94322 -94412
94276 -94397
94162 -94369
94116 -94272
93532 -94209
93426 -94072
93386 -94007
93156 -93901
92851 -93438
92337 -93131
92058 -92949
92055 -92768
91873 -92668
91818 -92625
91791 -92550
91689 -92420
91654 -92323
91589 -92185
91546 -91974
91364 -91971
91126 -91792
90899 -91720
90544 -91643
90490 -91548
90235 -91370
89845 -91354
89635 -91287
89328 -90969
88977 -90679
88556 -90673
88414 -90459
88377 -90242
88158 -90195
88082 -90136
88044 -89745
87707 -89676
87513 -89459
87359 -89230
87185 -89062
87179 -89046
87080 -88807
87000 -88667
86914 -88481
86876 -88208
86856 -87661
86735 -87489
86727 -87308
86622 -86943
86575 -86757
86556 -86719
86494 -86711
86268 -86403
86257 -86167
86155 -86044
86110 -85908
85104 -85838
85093 -85506
84959 -85308
84626 -84595
84441 -84535
84385 -84444
84340 -84384
83984 -84168
83927 -83830
83776 -83676
83655 -83567
83507 -83348
83506 -83170
83483 -82691
82912 -82572
82642 -82267
82575 -82225
82500 -81858
82343 -81821
82187 -81509
81851 -81239
81848 -81162
81619 -81142
81438 -80746
81339 -80607
81097 -80233
80913 -79866
80842 -79737
80814 -79481
80593 -79079
80426 -78940
80089 -78908
79928 -78618
79784 -78184
79566 -77773
79430 -77680
79286 -77433
79183 -77282
79009 -76883
78922 -76598
78918 -76585
78803 -76412
78640 -75963
78389 -75574
78357 -75562
78317 -75438
78293 -74292
78205 -74282
77857 -74235
77624 -74175
77398 -73988
77246 -73982
77218 -73979
76877 -73920
76585 -73709
76436 -73697
75898 -73549
75856 -73422
75774 -73155
75726 -73101
75208 -73045
74898 -72928
74735 -72913
74641 -72513
74143 -72343
74117 -72263
74069 -72218
74018 -72104
73396 -71991
73229 -71967
73196 -71953
73151 -70967
73093 -70937
73041 -70779
72814 -70143
72608 -70133
72586 -69929
71998 -69892
71771 -69560
71742 -69546
71621 -69524
71613 -69155
71363 -68663
71097 -68460
70810 -68322
70468 -68066
70440 -67672
70336 -67562
70055 -67299
69840 -67237
69170 -66888
69066 -66856
68946 -66762
68705 -66605
68429 -65792
68131 -65580
67975 -65420
67812 -65203
66112 -65195
65289 -64670
65132 -64634
65018 -64528
64988 -64214
64519 -63945
64065 -63803
64050 -63648
63987 -63267
63956 -63068
63727 -62261
63142 -62017
63054 -61909
62986 -61750
62679 -61601
62135 -61527
62113 -58982
62111 -58966
61684 -58484
61597 -58168
61433 -58166
61391 -58064
61324 -57812
61077 -57468
60954 -57226
60814 -56941
60324 -56799
60194 -56597
60133 -56511
60052 -55978
59992 -55907
59890 -55746
59070 -55601
58682 -55332
58359 -54905
58127 -53962
57838 -53592
57630 -53398
57621 -52553
57510 -52420
57102 -52218
56946 -52195
56896 -51509
56591 -51493
56510 -51188
56474 -50855
56376 -50751
55852 -50459
55677 -50341
55356 -50155
55335 -49216
54771 -48903
54678 -48777
54411 -48695
54383 -48597
54221 -48574
53290 -48260
53053 -47969
52319 -47283
51373 -46983
51164 -46957
50844 -46798
50354 -46333
50295 -46230
50069 -45859
49950 -45513
49571 -45224
49340 -44912
49141 -44654
48518 -44382
48410 -43427
48191 -43177
48148 -42903
47812 -42872
47666 -42853
47643 -42125
47106 -41665
47103 -40834
46832 -40581
45544 -40394
44822 -40304
44216 -40206
43325 -39375
42526 -38622
42291 -38583
42234 -38466
41658 -38255
41431 -38152
40665 -36736
39590 -35320
39139 -35211
39115 -35178
39062 -34954
38763 -34937
37630 -34907
37533 -34098
37295 -34041
37285 -33341
37224 -33064
34849 -32550
33449 -31442
33376 -30566
33128 -30154
32684 -26446
32189 -26332
30773 -26307
29170 -25001
28466 -24976
28265 -24935
27304 -23895
27293 -23823
26510 -23770
25720 -23000
25465 -22172
25254 -21606
25084 -21332
24589 -20364
23139 -20237
23094 -19794
21803 -19751
21200 -19501
21010 -19351
19158 -18852
19149 -18061
18461 -17783
17750 -12780
17212 -12374
17208 -12328
16887 -12054
16799 -11179
16123 -10572
15541 -9376
15434 -9246
15277 -8946
14549 -8876
13903 -8114
11822 -7815
11564 -7362
11502 -7350
11286 -6902
11159 -5063
10851 -4812
10626 -3494
8922 -1503
8298 -115
7871 2007
7611 2406
6128 3310
5338 3349
5142 4909
1881 4967
621 7240
-107 7480
-239 7746
-1515 10269
-2059 12197
-2127 12221
-3984 13410
-4372 14358
-4538 14761
-4879 14775
-5627 15000
-6705 15861
-7092 16142
-7299 16384
-7681 17061
-9199 17709
-9326 18885
-10599 20058
-10629 22805
-10774 24254
-11073 24281
-11239 24835
-12612 24840
-12645 25067
-13234 25623
-13420 25736
-13478 25862
-13685 26708
-15495 26841
-15716 27274
-15730 27524
-17043 27576
-17225 28878
-19078 29681
-19369 29950
-20550 30219
-20628 30645
-21171 30649
-21395 30715
-23146 31729
-23413 31786
-24743 32037
-25156 32424
-25779 32543
-26176 32600
-26202 32909
-26765 32957
-27020 33325
-28211 33948
-28670 34409
-29149 34882
-29200 34885
-30335 35299
-32044 35506
-32634 35813
-32835 35836
-32869 35903
-33151 36237
-33344 36337
-33495 36878
-33643 37147
-33995 37494
-34863 37760
-35174 38472
-35174 39452
-36097 40167
-36270 40367
-36566 40636
-37261 40935
-37505 41746
-38496 42032
-38664 42060
-38996 42488
-40451 42640
-41378 43585
-42378 43782
-42630 44586
-43407 45293
-43676 45306
-44606 45333
-44777 45429
-44818 45894
-45028 46223
-45241 46491
-45330 46616
-45906 46857
-46077 47096
-46363 47099
-46529 47134
-46595 47539
-47506 47687
-48312 48244
-49807 48400
-49815 48560
-50441 48603
-50829 49469
-50983 49853
-51609 51437
-52259 53271
-52652 53421
-53282 53647
-53800 53665
-54046 53790
-54856 53968
-54862 54454
-55539 54652
-55740 54931
-55988 54935
-56016 55034
-56019 55698
-56054 55832
-56529 55962
-56540 56279
-56762 56290
-57586 56601
-57738 56695
-58136 57316
-58388 57419
-58751 57952
-59099 59315
-59345 59683
-59732 59728
-59771 59802
-59998 60250
-60559 60812
-60949 60921
-61096 61054
-61974 61142
-62152 61226
-62728 61476
-62752 61540
-63364 61693
-63388 62220
-63391 62690
-63965 62932
-64701 62950
-64939 64028
-64961 64048
-65082 64228
-65141 65663
-65704 65789
-65794 65857
-65808 66448
-65855 67028
-66078 67638
-66090 67786
-66962 68138
-67216 68492
-67317 69692
-67521 69745
-67602 69785
-67678 70016
-67689 70039
-67721 70195
-68319 70538
-68414 70549
-68764 70582
-69491 71127
-69654 71137
-69661 71625
-69741 71872
-69866 72220
-70114 72334
-70240 72478
-70348 72634
-70722 72644
-70864 72659
-70905 73548
-70941 73740
-72178 73811
-72230 73863
-72251 73879
-72261 74081
-72700 74155
-72719 74419
-72986 74439
-73253 74717
-73290 74729
-73444 75019
-73479 75403
-73497 75460
-73734 75568
-73763 75837
-73978 76536
-74177 76628
-74326 76713
-74355 76987
-74395 77226
-74547 77385
-74996 77444
-75062 77662
-75222 77773
-75311 77817
-75319 78159
-76211 78444
-76431 78457
-76641 78904
-76832 79042
-77024 79044
-77426 79142
-77846 79155
-78156 79182
-78245 79248
-78573 79456
-78770 79542
-78781 79633
-79134 79730
-79316 79992
-79984 80259
-80030 80572
-80067 80645
-80163 80854
-80431 80866
-80511 81022
-80638 81610
-80750 81827
-80783 82094
-80822 82207
-80891 82316
-81438 82329
-82244 82702
-82563 83651
-82683 83664
-82896 83797
-83023 83906
-83163 83932
-83232 84397
-83269 84588
-83937 85467
-83951 85553
-84023 85577
-84316 85582
-84368 85619
-84414 85865
-84557 85877
-84774 85990
-85095 86117
-85424 86117
-85457 86143
-85511 86579
-85550 86842
-85911 86909
-86248 86934
-86289 87024
-86335 87076
-86386 87181
-86404 87270
-86500 87307
-86546 87403
-86661 87492
-86716 87693
-86886 88023
-86960 88189
-87360 88246
-87410 88279
-87550 89036
-87585 89340
-87617 89375
-87737 89491
-88351 89542
-88511 89559
-88650 89715
-89003 89810
-89163 89848
-89262 90063
-89275 90089
-89288 90428
-89308 90447
-89313 90555
-89500 90575
-89514 90585
-89672 90851
-89963 91029
-90011 91502
-90013 91633
-90213 91765
-90347 91808
-90454 92131
-90469 92228
-90639 92425
-90989 92560
-91104 92777
-91295 92956
-91300 93271
-91330 93337
-91406 93578
-91495 93956
-91860 93964
-92004 94255
-92055 94446
-92060 94565
-92177 94590
-92272 94686
-92827 94718
-92841 94756
-92852 94922
-92891 95281
-93620 95436
-93699 95524
-93935 95833
-93985 95892
-94135 95968
-94289 95971
-94458 96079
-94870 96090
-94978 96651
-94994 96673
-95139 96685
-95208 96770
-95506 96864
-95638 97113
-95653 97117
-95837 97122
-95909 97195
-96053 97208
-96574 97252
-96653 97304
-96817 97411
-96982 97483
-96998 97499
-97079 97505
-97339 97777
-97364 97948
-97473 98272
-97514 98376
-97563 98412
-97719 98414
-98030 98639
-98440 98639
-98449 98751
-98507 98880
-98756 98927
-98922 98965
-99105 99132
-99160 99233
-99249 99317
-99265 99456
-99339 99534
-99380 99730
-99588 99801
-99767 99893
-99866 99955
-99926 99987
Case #5: -3414920765916
99881 -99857
99587 -99850
99156 -99631
98467 -99355
97986 -99170
97951 -98791
97658 -98744
97465 -98014
96676 -97963
96478 -97429
96428 -96802
96095 -96755
95898 -96257
95878 -96112
95584 -95627
95157 -94074
95052 -92312
94949 -92207
94145 -91252
93514 -91240
93175 -90596
92820 -89744
92619 -88953
91528 -88798
91492 -88709
91239 -87966
90888 -87241
90757 -87010
90651 -86398
90288 -85692
89800 -85656
89359 -85481
89237 -84103
88626 -83755
88533 -83378
88508 -82802
87297 -82286
86393 -81543
85784 -80919
84253 -80212
84158 -79939
83629 -79536
83322 -79006
83033 -78961
82655 -78717
82039 -78370
81640 -77399
81394 -76327
81211 -76226
81154 -75391
80773 -74763
80604 -74199
80363 -73625
79093 -73429
79037 -71773
78846 -71440
77182 -68909
76867 -67507
75833 -67506
75530 -67462
75199 -66994
74488 -66690
73097 -66300
71892 -65983
71866 -65375
71366 -65026
70847 -64862
69902 -63295
68565 -62986
68307 -61586
68220 -60100
67074 -59702
65688 -58604
65239 -58523
65060 -56577
64753 -56141
64308 -55350
63306 -55193
61660 -55058
61604 -54919
57785 -52436
56648 -51820
56623 -50627
55741 -49550
54874 -48816
54484 -47505
53982 -46887
53653 -46316
52388 -45400
51198 -43671
50809 -37901
48265 -37746
46574 -37373
46562 -35394
46335 -35081
44023 -32061
42944 -28662
42482 -28140
41328 -27068
40458 -26609
39767 -26457
39287 -26185
38540 -25124
38468 -23892
37723 -22672
37527 -22052
37367 -20296
36936 -16523
35553 -15801
35006 -14794
34824 -10144
30945 -4264
28407 -4109
24102 -3191
22818 -3176
21853 -963
21836 -49
21205 1300
20905 1566
19490 2182
16669 3979
14030 5301
13978 5511
12818 9327
11983 10661
11152 12203
8151 12608
4785 12626
4601 12956
4443 13375
-1151 15132
-2358 19411
-11668 20448
-12375 22007
-12727 25312
-14598 25459
-17392 25700
-21102 25933
-23646 28677
-27205 29721
-28932 32257
-30775 32809
-32881 34753
-35919 36567
-35997 37748
-37070 38707
-37749 39788
-39692 40042
-42340 40613
-46348 40957
-47410 43068
-49994 43381
-50149 44848
-50351 44916
-52896 45533
-53895 47516
-54037 48274
-57204 48893
-57457 50338
-58466 51004
-58797 51077
-58929 51277
-58960 52138
-59462 52245
-60644 52691
-61455 53344
-61824 53946
-62681 54118
-63076 54317
-63486 54919
-63861 56081
-64234 57575
-65393 58477
-65474 58693
-66524 59060
-66578 62820
-68191 63320
-68944 64122
-70769 65280
-71474 65332
-71622 65804
-71722 67021
-71821 67115
-71829 67617
-72756 68403
-72883 68791
-73817 68933
-75909 69156
-76163 69404
-76224 69825
-76370 70366
-76407 70764
-77082 71223
-77145 71829
-77165 71843
-78279 72014
-78406 72338
-78486 72866
-78510 72927
-80027 72930
-80248 73032
-80629 73097
-80688 73104
-81139 73913
-81148 73968
-81585 74298
-81657 74647
-81932 75254
-81998 75835
-82298 76540
-82402 76964
-82417 77117
-82465 77543
-82918 77935
-82926 78050
-83001 78779
-83515 81528
-83542 82059
-83818 82114
-84173 82169
-84191 82283
-84641 82912
-84701 83353
-84979 83606
-85421 83863
-85582 84159
-87247 85108
-87861 85461
-87864 85491
-87908 86503
-88744 86825
-89291 87485
-90838 87514
-90906 87555
-91248 88170
-91801 88205
-92059 88634
-92074 90701
-92413 90747
-92555 90878
-93376 91116
-94069 91419
-94615 93382
-94836 94257
-95597 94658
-95871 94887
-96032 95564
-96564 95629
-96581 95637
-96836 95831
-97355 95911
-97814 96121
-97887 97072
-97934 97077
-98903 98208
-98905 98839
-98939 99386
-98945 99625
-99566 99955
Case #6: -1271937742993
99862 -99870
99729 -99524
99663 -99271
99542 -99075
99464 -98763
99145 -98689
98971 -98668
98968 -98657
98487 -98476
97610 -97983
97384 -97759
96414 -97636
96043 -97514
96014 -97433
95921 -96950
95336 -96892
95093 -96740
95073 -96479
95027 -96448
94850 -95934
94796 -95578
94790 -95557
94600 -95358
94453 -95161
94229 -95085
93879 -95068
93856 -94988
93672 -94917
93556 -94823
92879 -94816
92870 -94728
92445 -94646
92384 -94605
92078 -94396
92059 -94320
91669 -93447
91123 -93443
91065 -93246
90427 -92861
90188 -92700
89813 -92564
89812 -92380
89779 -92335
89715 -92251
89394 -91587
89280 -91055
89196 -90757
89193 -90732
89126 -90147
88437 -89930
88077 -89779
87558 -89340
86910 -89221
86848 -89185
86830 -89081
86743 -88919
85921 -88892
85612 -88128
85225 -87797
84919 -87175
84755 -86999
84479 -86844
84348 -86346
84084 -86284
82837 -86139
82565 -86118
81957 -85781
81655 -85624
81284 -85347
81020 -84589
80557 -84224
80522 -83954
80395 -83619
80305 -83318
80145 -81718
80035 -81654
79957 -81632
79223 -81264
79141 -80144
78900 -78423
78676 -77790
78176 -77724
77932 -77661
77866 -77233
77438 -76951
77275 -76895
77204 -76838
76858 -76728
76774 -76256
76540 -75977
76250 -75899
76007 -75766
75115 -75237
74665 -74730
74401 -74548
74354 -74420
74073 -74311
72148 -74139
71884 -74058
70707 -73225
70645 -72676
70581 -72097
70494 -72031
70171 -71765
68959 -71281
68206 -70843
67632 -70725
67592 -70430
67391 -69007
67296 -68935
66944 -68810
66517 -68748
65759 -68277
65566 -68238
65434 -68053
64719 -67845
64671 -67757
64667 -67318
64292 -67246
63693 -67138
63489 -66733
63303 -65435
63105 -65162
62402 -65058
61199 -64984
60980 -64463
60667 -64307
59932 -61834
59628 -61664
59401 -61580
59381 -61264
59288 -59956
59206 -57570
58548 -57462
57772 -57386
56784 -56706
55746 -56354
55736 -56185
53866 -54891
53671 -54480
51065 -54288
50412 -53866
50017 -53327
49951 -53258
49762 -52992
49352 -51748
49065 -51087
47981 -51033
47291 -50714
47183 -50660
47181 -50491
46223 -49517
45372 -49288
44485 -49207
44074 -47959
43438 -47754
42310 -45912
41173 -45409
40893 -45348
40752 -45201
40718 -45079
40405 -43386
39525 -42998
39258 -38200
37943 -38145
37742 -38061
37328 -34187
36171 -33489
35286 -32655
34529 -31966
31153 -31398
30146 -30296
30014 -29320
29981 -29059
29842 -28777
27187 -27512
25831 -26856
24694 -25828
22652 -25711
20362 -25509
20204 -21989
20167 -20359
19843 -13027
16693 -11932
16521 -11896
16478 -5402
14987 -4494
13904 1672
13570 4928
8676 8482
8501 8696
3185 9712
3079 10068
3019 10268
2643 12366
2155 13129
1591 13512
-2370 14143
-3567 14448
-3610 16350
-6030 17092
-7607 19179
-9282 20038
-9383 20242
-12652 21044
-14153 22422
-14668 24468
-14753 26480
-20533 26635
-23315 26699
-24533 27569
-26396 29165
-26422 30609
-27775 30793
-27935 31366
-28671 31398
-30782 31848
-31168 32166
-32531 32287
-33694 32749
-35492 34846
-35683 35274
-35858 35784
-35862 35986
-37304 36005
-38499 36715
-41010 37326
-41294 38982
-41847 39767
-42045 40136
-45090 42129
-45446 42137
-45681 42770
-45805 42790
-46286 43065
-47372 43882
-48210 44613
-48685 44653
-49819 44870
-49955 45032
-50369 46442
-50594 46871
-51128 47492
-51193 47614
-52499 47829
-53043 48542
-54916 48546
-54949 48724
-56063 48969
-56436 50325
-56754 51189
-57662 51281
-57723 51419
-57893 51424
-58634 51560
-58642 52314
-58845 53970
-59047 54286
-59680 54903
-63092 55131
-64415 55338
-65760 55722
-65919 56692
-65994 57088
-66385 58260
-66520 58400
-66919 58501
-67368 59602
-68005 59686
-68039 60690
-68443 61272
-68674 61320
-68949 61940
-69115 62093
-69317 62130
-69490 63680
-69847 63909
-70022 64029
-70242 64696
-70484 65811
-70660 66947
-71635 67399
-71786 67402
-71969 68206
-72158 69437
-72396 69487
-72955 69516
-73324 69941
-73424 70133
-73595 70405
-74295 70468
-75330 70768
-75656 71350
-76110 71479
-77261 71675
-77324 72003
-77452 72156
-77702 72915
-78056 72974
-78122 73666
-78447 73898
-78610 74275
-78702 74509
-78877 75142
-78950 75290
-79326 75422
-79732 75425
-80240 75650
-81110 75932
-81358 76551
-81440 77445
-81609 77469
-81836 77491
-82194 77705
-82544 77736
-82905 77794
-83335 77795
-83592 77967
-83805 78146
-83927 78319
-85038 79001
-85176 80253
-85182 80294
-85222 81015
-85688 81279
-85750 81279
-86055 81391
-86623 81434
-86671 81519
-86824 81714
-87681 82817
-88007 84370
-88242 84493
-88383 85058
-88436 85319
-88578 85596
-89120 85692
-89123 85878
-89511 86091
-89640 86455
-90264 86538
-90694 87252
-90745 87861
-90847 88210
-90958 88419
-91247 88672
-91605 88987
-92331 88999
-92552 89168
-92747 89708
-92971 89937
-92975 90373
-93128 90401
-93603 91227
-93754 91242
-94179 91465
-94257 92000
-94322 92546
-94349 92769
-94356 92913
-94510 92930
-94595 93131
-94976 93408
-95587 93495
-95752 93540
-95852 94323
-96362 94508
-96500 95029
-96555 95657
-96905 96147
-96958 96491
-97006 96548
-97631 96776
-98221 96936
-98430 97506
-98770 97602
-98862 97659
-98919 97684
-99015 98177
-99057 99049
-99260 99178
-99317 99598
-99343 99617
-99764 99621
Case #7: -1964394407029
99713 -99989
99621 -99952
99474 -99497
97490 -99144
96081 -99045
96051 -98900
95422 -98860
95375 -98382
95300 -97499
95205 -97261
95013 -97230
94860 -97219
94443 -96744
93728 -96593
93355 -96555
92915 -96328
92612 -96327
92398 -96059
91732 -95694
90881 -95545
90619 -95373
90466 -95136
90437 -95134
90321 -94613
90234 -94578
90168 -94529
90026 -93115
89769 -93037
89677 -92565
89304 -92551
89117 -91928
88339 -91772
87837 -91726
87412 -91562
87014 -91376
86937 -91361
86383 -91032
86297 -90125
85709 -89327
85091 -89292
84442 -89215
84267 -88729
84224 -88493
83888 -88334
83539 -87419
83398 -87001
82814 -86770
82048 -86768
81155 -86405
81141 -85323
80806 -84426
80466 -84297
79891 -83819
79716 -83142
79482 -82897
79346 -82732
78879 -82528
78549 -82328
78375 -82201
78274 -81747
78149 -80249
77592 -80098
77269 -79820
77126 -78922
76583 -78922
76282 -78515
75265 -78017
74895 -77514
74401 -77513
73669 -77203
73643 -76971
73074 -76188
72749 -75960
72645 -75042
72541 -74706
72475 -74368
72170 -74347
72058 -74270
71876 -74266
71742 -74231
70923 -74002
70294 -73972
70258 -73334
69649 -73123
69489 -72983
69118 -72582
68734 -72535
68650 -71341
68019 -70068
67668 -69146
67333 -68771
66997 -67643
66716 -67412
66112 -67269
65936 -67169
65922 -66901
65860 -66443
65631 -66131
65234 -65965
64556 -65960
64537 -65833
63718 -65452
62544 -64140
61690 -63803
61333 -63659
61301 -63489
60560 -63218
60293 -61979
60004 -61863
59664 -61682
59604 -60922
59385 -60221
59190 -59874
59159 -59543
58526 -59261
58239 -59114
57473 -58462
57351 -58322
57320 -58176
57314 -57721
57284 -57676
57103 -57348
57054 -56184
56897 -54963
56882 -54558
56681 -54323
56316 -53848
56129 -53763
55518 -53714
55506 -53558
54200 -52943
53957 -52574
53935 -52345
53908 -51883
53464 -51706
53128 -51005
53108 -51000
52912 -50876
52520 -50524
52475 -50092
52058 -49886
50106 -49431
49918 -49028
49912 -49025
49751 -47531
49312 -47410
49223 -47359
49085 -47026
49059 -47001
48239 -46893
48066 -46695
47744 -46261
47171 -44382
47150 -43386
46864 -43169
46682 -42940
46479 -42545
46320 -42504
46295 -42370
46050 -42241
45952 -42070
45889 -41810
45097 -40953
44867 -40935
44560 -40670
43960 -40654
43861 -40620
43696 -40471
43402 -40055
42620 -39849
42043 -39671
41272 -39564
40578 -39357
40100 -38488
39644 -37989
39444 -37922
39187 -37639
38907 -37102
38589 -37091
38453 -36929
38158 -36523
38007 -36347
37733 -35534
37427 -35170
37140 -34859
36577 -34621
36319 -34483
35840 -34428
35656 -33928
35599 -33670
35373 -33618
35152 -33467
34753 -33383
34435 -32907
33958 -32759
33524 -32093
32699 -31963
32190 -31954
31932 -31630
31780 -31269
31739 -30569
31708 -30492
31337 -30312
31276 -29997
31148 -29717
31109 -28728
30580 -27369
30392 -27173
30149 -26875
28495 -26566
27967 -26450
27779 -25128
27468 -25045
27283 -25025
26952 -24562
25675 -24031
25433 -23213
24989 -22883
24560 -22604
23234 -22425
23141 -21408
23134 -21199
22718 -20512
22628 -20423
22527 -20319
21273 -20263
20705 -19821
20493 -19594
19717 -19310
19584 -19172
17905 -18893
17444 -18437
17296 -18157
17030 -18129
15519 -17962
14545 -17782
14402 -16208
14243 -15678
14045 -15354
14002 -14985
13985 -14309
13286 -13653
12802 -12921
11230 -12847
11109 -12489
10676 -12469
10469 -12443
10156 -12076
9610 -12071
9602 -11977
9342 -11609
9325 -11046
9306 -10827
9188 -10360
8297 -10157
8259 -9752
7955 -9722
7813 -8895
7294 -8853
7186 -8736
6711 -8556
6254 -8410
5546 -7902
5302 -7826
4988 -7746
4986 -7723
4753 -7702
4104 -7445
3890 -7249
3523 -6968
3490 -6949
2003 -6828
1911 -6810
1637 -6648
1587 -5757
1281 -5444
409 -5086
112 -5061
-13 -4754
-503 -4678
-1422 -3892
-1447 -3818
-2231 -3273
-2990 -3158
-3265 -2511
-3371 -1974
-4809 -1948
-4937 -1744
-4952 -1741
-5238 -824
-6090 -674
-6108 361
-6717 1592
-7113 2414
-7734 3672
-7791 3808
-7825 4071
-7838 4193
-7913 4368
-9188 5345
-9267 5692
-9570 5966
-9590 6444
-9606 6516
-10032 6572
-10452 7086
-10519 7267
-10739 7867
-11007 7983
-11077 8503
-11103 9218
-11546 9259
-11580 9540
-12156 9690
-12327 9797
-12498 10031
-13223 10556
-13747 11264
-13970 11405
-14900 11621
-15704 11665
-15980 11800
-15999 11890
-16107 11990
-16897 11999
-17798 12233
-18483 12238
-18571 12711
-18846 13188
-18977 13340
-19467 13620
-19562 13951
-20290 14879
-20510 14999
-21047 15001
-21565 15558
-21600 15930
-22263 16086
-23050 16443
-23173 16587
-23197 16615
-23964 16894
-24245 16986
-24397 17011
-24433 17105
-24857 17125
-26678 17212
-26945 17324
-27098 17803
-27721 18440
-28405 18469
-29224 18496
-30340 18727
-31107 18844
-31332 19264
-31394 19508
-32390 19978
-33397 20205
-33674 21089
-33684 22211
-33692 22615
-34547 22840
-34572 23024
-34881 23828
-35251 23852
-35535 24593
-35608 25203
-35955 25548
-36048 26160
-36091 26255
-36102 26283
-36529 27254
-36578 27427
-36752 28931
-37148 28974
-37462 29493
-37635 29652
-38233 29909
-38307 29957
-38525 30363
-39362 30531
-39839 30899
-40097 30973
-40565 31616
-40727 31713
-41240 33002
-42383 33190
-42687 33637
-42974 34186
-43627 34697
-43719 34966
-44155 35273
-44292 35667
-45410 36364
-45844 36508
-45967 36540
-46127 36915
-46349 36940
-47319 37511
-47566 38343
-47692 38636
-47725 39098
-48301 39295
-48544 40255
-48550 40615
-48737 40621
-48747 40730
-48866 41367
-49563 41623
-49865 42011
-49919 42481
-50190 42483
-50573 43389
-50639 43459
-50651 44635
-51069 45171
-51187 45443
-51433 45751
-51622 45909
-52225 46891
-52354 47489
-52846 47521
-53055 47767
-53067 48576
-53288 48902
-53551 49332
-53747 49432
-54027 49456
-54264 49473
-54362 49822
-54540 50309
-54662 50309
-55040 50814
-55900 51136
-56006 52024
-56736 52288
-56790 52979
-57221 53042
-57728 53582
-57863 53762
-59768 53820
-60565 53851
-60941 54315
-61020 54500
-61510 54819
-61678 54919
-61947 54927
-63353 55110
-63396 55549
-63788 55788
-63870 55853
-64109 56129
-64515 56183
-64827 56732
-64867 56833
-64888 56899
-65036 57227
-65044 57676
-65465 57811
-65814 57850
-66019 58519
-66353 59252
-66551 61264
-67247 61724
-67533 61740
-68444 61925
-68777 62228
-68827 62494
-68945 62519
-69011 64268
-69156 65076
-69345 65914
-69484 66388
-69690 66642
-70013 67067
-70275 67088
-70365 67124
-70698 67291
-70856 67313
-70980 68020
-71663 68066
-72027 68314
-72276 68362
-73491 68539
-73589 68559
-73994 68666
-74104 70211
-74258 71103
-74947 71203
-75875 71840
-75940 72024
-76699 72496
-76898 72667
-76985 72672
-77314 72740
-77461 73464
-77690 73549
-77750 73789
-77831 74420
-78047 74626
-78867 75296
-79150 75430
-79555 75541
-80219 76504
-80673 77343
-80893 77773
-81102 77982
-81279 78037
-81375 79386
-81432 79962
-81731 80197
-81819 80291
-81935 81093
-82185 81197
-82216 81691
-83324 82560
-83818 82876
-84275 83144
-85742 83432
-85956 83723
-86364 83930
-86492 84613
-86619 85934
-86671 86025
-88369 86311
-88799 86346
-88822 87543
-89027 87725
-90145 88267
-90444 88270
-90750 88393
-91120 88812
-91519 88989
-91716 89025
-92030 89247
-92404 89557
-92694 90413
-92858 90895
-93048 91756
-93054 92187
-93663 92292
-93794 92811
-94846 93023
-95072 93060
-95192 93463
-95232 94895
-95665 95159
-95752 95743
-95961 95888
-96342 96820
-96691 97295
-97006 97447
-97315 98387
-97415 98495
-97619 98827
-98295 99037
-98343 99104
-98499 99619
-98752 99698
-99313 99873
-99499 99923
-99911 99984
Case #8: -1884282427866
99867 -99887
99777 -99849
99775 -99702
99673 -99587
99495 -99507
99427 -99442
99403 -99376
99220 -99197
98826 -99034
98775 -98945
98584 -98843
98499 -98779
98413 -98740
98216 -98723
98045 -98708
97950 -98626
97915 -98453
97776 -98072
97593 -98027
97297 -97902
97278 -97886
97225 -97626
96976 -97596
96729 -97568
96575 -97566
96526 -97498
96480 -97427
96356 -97420
96342 -97409
96288 -97274
96098 -97142
96010 -97055
95794 -96963
95567 -96811
95281 -96740
95141 -96715
95099 -96593
94981 -96537
94962 -96401
94649 -96326
94608 -96241
94456 -96194
94327 -95998
94292 -95985
94104 -95956
93849 -95950
93592 -95811
93442 -95534
93434 -95104
93012 -94952
92955 -94922
92524 -94854
92068 -94787
92038 -94440
92037 -94421
91936 -94311
91847 -94144
91544 -94076
91504 -93971
91330 -93823
91130 -93700
91062 -93404
90838 -93263
90587 -93167
90399 -92961
90263 -92955
90123 -92659
90076 -92651
89985 -92599
89983 -92007
89853 -91918
89830 -91465
89771 -91359
89741 -91243
89588 -91094
89307 -90990
89304 -90656
89236 -90595
89222 -90416
89195 -90393
89170 -89526
89126 -89511
89116 -89457
88798 -89410
88356 -89056
88113 -88990
87713 -88939
87620 -88849
87556 -88830
87484 -88751
87149 -88713
86743 -88694
86708 -88689
86357 -88554
86270 -88064
86226 -88050
85956 -88028
85900 -87750
85735 -87682
85717 -87507
85701 -87485
85685 -87484
85522 -87447
85429 -87444
85270 -87431
85241 -87368
85125 -87237
84922 -86969
84895 -86573
84717 -86401
84650 -86194
84578 -85939
84503 -85919
84503 -85877
84349 -85404
84116 -85377
83949 -85196
83781 -85158
83676 -85132
83564 -85067
83427 -85054
83252 -84505
83240 -84195
83227 -83864
83222 -83754
82695 -83540
82411 -83280
82261 -83254
82156 -83159
81987 -83140
81938 -82851
81818 -82831
81802 -82823
81739 -82765
81683 -82621
81531 -82615
81403 -82452
81300 -82399
80829 -82142
80635 -81447
80536 -80933
80508 -80904
80361 -80863
80319 -80737
80230 -80462
80185 -80325
79841 -80143
79722 -80128
79708 -80112
79521 -80101
79293 -80025
79219 -79954
79077 -79900
78874 -79898
78786 -79797
78514 -79663
78434 -79627
78402 -79579
78215 -79511
78147 -79474
78114 -79386
78092 -79151
77991 -78973
77986 -78887
77923 -78864
77626 -78575
77556 -78416
77465 -78277
77437 -78276
77337 -78257
77260 -78252
77247 -77961
76938 -77907
76804 -77812
76782 -77753
76726 -77661
76646 -77544
76568 -77532
76111 -77312
75433 -77297
75375 -76856
75368 -76816
75181 -76602
75162 -76560
75154 -76518
75069 -76428
74708 -76307
74690 -75968
74480 -75865
74355 -75691
74141 -75686
74134 -75629
74097 -75589
74031 -75322
73992 -75080
73970 -74557
73950 -73859
73905 -73650
73475 -73553
72685 -73411
72635 -73073
72490 -72471
72432 -72147
71873 -71905
71724 -71797
71378 -71648
71291 -71560
71267 -71260
71257 -71026
71201 -70444
71180 -70190
70927 -70069
70445 -70057
70251 -69975
69789 -69799
69732 -69743
69721 -68896
69613 -68644
69320 -68274
69155 -68014
68873 -67844
68490 -67512
68392 -67391
68251 -67362
68244 -66972
68086 -66477
67111 -66248
67085 -66118
67016 -65943
66630 -65747
66164 -65673
65785 -65288
65441 -65182
65365 -65072
65064 -64945
65035 -64634
64770 -64404
64679 -63969
64415 -63806
64256 -63720
63980 -63639
63566 -63566
63405 -63521
62934 -63229
62652 -63138
62464 -63134
62248 -62940
62168 -62524
61830 -62510
61678 -62353
61657 -62295
61323 -61710
61297 -61597
60903 -61314
60643 -61310
60406 -61238
60063 -61012
59783 -60294
59508 -60193
59052 -60045
58352 -60043
57860 -59877
57417 -59117
57228 -58750
56916 -58242
56860 -57422
56647 -56440
56614 -56149
56160 -56068
55900 -55974
55867 -55168
55492 -54344
55459 -54135
55293 -53804
55131 -53520
55021 -53087
54239 -52316
54207 -52311
54181 -52139
54073 -51880
54064 -51759
53670 -51341
53655 -50356
52635 -50096
51963 -50092
51850 -49830
51705 -49472
51337 -49089
51337 -49025
50990 -48940
50774 -48809
50663 -48795
49555 -48743
49527 -47393
49431 -47316
49178 -47100
48802 -46690
48425 -46351
47859 -45887
47765 -45627
47532 -45451
46715 -45301
45815 -45158
45406 -44665
45067 -44327
44607 -43425
44137 -42751
44066 -41852
43887 -41542
43436 -41254
43384 -41039
42704 -40750
41633 -39188
41363 -38327
41185 -37612
41124 -37307
41014 -36739
40945 -36507
40734 -36138
40464 -36017
40183 -35482
39997 -35013
39899 -34570
39743 -33948
39728 -33188
39547 -33181
39495 -33011
39428 -32747
39235 -32608
38220 -32183
38195 -31766
38058 -31615
37832 -31557
37780 -31446
37569 -30549
37431 -30308
36584 -29896
36523 -29511
36497 -29203
35872 -27969
35794 -27490
35669 -27276
35582 -27243
35378 -26658
35016 -26314
34928 -26292
34122 -26278
33758 -24601
33297 -24374
32755 -24069
32477 -23858
31259 -23307
30017 -22985
29695 -21566
29391 -21025
29381 -20641
29150 -20277
28508 -20118
28502 -19947
28408 -18379
27697 -16491
27441 -14626
27238 -14615
26250 -13776
25275 -13475
25231 -12042
25177 -11873
25047 -11630
24555 -10944
24519 -10397
23499 -8691
23481 -8146
23395 -7464
23354 -6627
22989 -6568
22965 -5294
22937 -4685
22593 -4361
21875 -3831
20005 -3772
18831 -3133
15393 -2188
15303 -1988
15295 -530
14503 3243
13622 3457
11548 5361
11277 5475
11154 6490
10877 9239
10038 9578
9972 10786
9915 11379
9875 12606
9499 13533
9493 14300
9415 15008
8591 15017
6956 15069
5223 15514
5056 15524
3754 15919
3329 18432
1388 18690
1056 18983
1034 19044
-503 20385
-1160 20899
-1213 20985
-2785 21418
-3318 23223
-3592 23278
-5933 23823
-6232 24243
-6474 24737
-6747 25810
-7170 26190
-8706 26367
-9843 27777
-10065 28204
-10574 28683
-10980 29073
-11173 29133
-11709 29167
-12099 29595
-12898 29605
-14321 30598
-15636 31147
-16120 31223
-16212 31839
-16271 32314
-16729 32879
-17978 33550
-18043 33552
-18760 33688
-19930 34300
-20787 36081
-21959 38480
-22868 38768
-22887 39131
-23827 39553
-25220 40924
-26322 41133
-26513 41199
-26655 41307
-26740 41345
-26819 41630
-27207 42065
-27787 42662
-28914 42742
-29964 43270
-30135 43304
-30478 43566
-30618 44371
-30986 46072
-31090 46277
-31679 46436
-32609 46577
-32799 47026
-33676 48287
-34179 48346
-34615 48963
-34942 49384
-35728 49431
-36671 49448
-37113 49723
-37218 50107
-38060 50245
-38096 50404
-38256 50739
-38968 51302
-39223 51466
-39520 51683
-39705 52299
-40055 52399
-40121 52441
-40423 52467
-40534 52803
-40693 53331
-42078 53640
-42519 53990
-42896 54230
-43251 54491
-43881 54766
-43990 54921
-44551 54938
-44577 55195
-45244 55296
-45508 55751
-45838 55795
-46647 56215
-47516 56369
-47551 57246
-47749 57425
-47806 57690
-48568 58487
-49203 58658
-49558 58806
-49622 58895
-49754 59141
-50469 59296
-50732 59787
-50816 59955
-51104 60195
-51122 60521
-51241 60876
-51784 61346
-51863 61347
-51941 61398
-52042 61401
-52098 61636
-52532 61756
-52688 62235
-53287 62269
-53500 62973
-53764 63104
-54091 63115
-54158 63303
-54265 63499
-54952 63515
-54986 63835
-55483 63866
-56455 63883
-56550 64233
-56610 64534
-56868 64584
-56943 65056
-57056 65267
-57829 65927
-58329 65959
-58426 65989
-58428 66131
-58622 66185
-58680 66324
-58691 66874
-58787 66991
-58824 67492
-58975 67580
-59183 67647
-59660 67799
-59673 68140
-60116 68163
-60613 68295
-60640 68653
-60648 68945
-61100 69060
-61117 69191
-61429 69203
-61724 69208
-62001 69267
-62070 69268
-62154 69315
-62184 69405
-62324 69462
-62695 69482
-63027 70158
-63078 70324
-63170 70514
-63604 70543
-64020 70862
-64322 71003
-64375 71045
-64482 71448
-64602 71590
-64615 71904
-64705 71943
-65143 72407
-65172 72411
-65200 72501
-65296 72935
-65354 72994
-65500 73163
-65788 73412
-65986 73573
-66221 73719
-66649 73723
-66658 73845
-66812 74115
-66960 74219
-67220 74241
-67657 74307
-67750 74398
-68777 74468
-68986 74716
-69051 74778
-69119 75078
-69318 75322
-70015 75376
-70241 75539
-70951 75580
-71077 75689
-71183 75740
-71198 75745
-71315 75858
-71457 76024
-71562 76102
-71640 76123
-71787 76136
-72106 76440
-72278 76631
-72714 76699
-72774 76733
-72776 76897
-72910 76939
-73105 77138
-73155 77184
-73549 77231
-73667 77473
-73736 77517
-73775 77639
-74388 77683
-74784 78014
-74792 78071
-74856 78218
-75515 78413
-75767 78653
-75943 78699
-75957 78784
-75994 79181
-76027 79186
-76299 79307
-76476 79357
-76840 79487
-76939 79639
-76975 79670
-77139 79856
-77803 80104
-77976 80165
-78016 80188
-78708 80209
-78781 80500
-78789 80536
-79188 80542
-79380 81201
-79619 81324
-79665 81430
-79815 81446
-79865 81683
-80023 81700
-80452 82194
-80636 82409
-80640 82591
-80663 82661
-80665 82754
-80806 82755
-80814 82786
-81092 82803
-81179 82885
-81418 83121
-81759 83264
-82048 83292
-82260 83800
-82362 84231
-82448 84672
-82478 84713
-82524 85102
-82911 85150
-82994 85320
-83000 85407
-83099 85877
-83293 86071
-83315 86323
-83362 86374
-83695 86529
-83700 87062
-83940 87176
-84205 87648
-84353 87739
-84544 87958
-84687 87965
-84687 88605
-84951 88623
-85104 88771
-85120 88886
-85243 88920
-85450 88943
-85791 89046
-85979 89179
-86156 89211
-86238 89217
-86281 89259
-86349 89399
-86462 89533
-86591 89677
-86697 89741
-86784 89820
-87061 89894
-87099 89922
-87249 89937
-87368 89993
-87388 90052
-87666 90086
-87745 90157
-87940 90202
-88141 90206
-88161 90265
-88261 90311
-88531 90347
-88718 90662
-88729 91187
-88772 91266
-88826 91268
-88935 91314
-89074 91316
-89155 91549
-89225 91575
-89347 91592
-89459 91744
-89582 91935
-89600 92100
-89646 92283
-90089 92310
-90773 92314
-90905 92406
-90971 92514
-91037 92589
-91211 92632
-91277 92891
-91307 92958
-91336 92965
-92048 93001
-92050 93268
-92391 93605
-92471 93797
-92514 93859
-92588 93940
-92588 94264
-92684 94272
-92943 94288
-92968 94511
-93076 94601
-93155 94687
-93165 94957
-93199 94962
-93307 95006
-93442 95074
-93531 95096
-93565 95127
-93649 95145
-93701 95145
-93962 95286
-93985 95379
-93985 95389
-94181 95446
-94230 95691
-94567 96056
-94847 96105
-94911 96309
-95184 96314
-95192 96344
-95215 96448
-95241 96532
-95293 96536
-95300 96583
-95664 96624
-95683 96653
-96004 96825
-96005 96971
-96092 97005
-96209 97018
-96262 97065
-96633 97153
-96772 97338
-96809 97571
-96853 97621
-96914 97901
-96954 97961
-96966 98134
-97024 98135
-97177 98323
-97376 98409
-97396 98437
-97933 98495
-97951 98636
-98064 98707
-98369 98746
-98426 98794
-98495 98940
-98619 99056
-98630 99072
-98652 99179
-98777 99194
-98882 99233
-98930 99296
-99092 99528
-99176 99614
-99303 99653
-99424 99682
-99804 99718
-99892 99748
-99964 99864
Case #9: -4044533757860
99232 -99523
98354 -99027
98268 -98863
97809 -98353
97748 -94545
97521 -94493
96934 -94307
96221 -94169
95543 -93835
95137 -92301
94963 -91673
94689 -90700
94391 -89366
94162 -89268
94008 -87857
92479 -87837
91716 -87394
91577 -87236
91247 -86095
91075 -85904
89458 -85754
88732 -81134
88583 -80926
88135 -80914
87171 -80228
86504 -79775
86450 -78195
85932 -78055
85203 -77333
84982 -77114
84743 -76835
84557 -75878
84539 -75664
83870 -75276
83795 -74900
83738 -74604
83227 -74017
80616 -73873
80099 -73537
79181 -73117
78407 -72970
77668 -72260
76988 -71484
76833 -71222
76687 -70291
74791 -68439
73604 -67842
73339 -67579
73267 -67565
69163 -67206
68388 -66497
66522 -66484
66456 -66404
65965 -66335
65610 -64815
65266 -64301
63974 -63595
62893 -62792
62179 -62176
62051 -61678
60796 -54492
60207 -53285
59690 -53145
59154 -52610
56446 -47591
53040 -43843
52609 -42351
48530 -40902
48160 -40793
47442 -37910
47384 -37891
44322 -37711
43966 -36587
43878 -30232
42816 -29226
40341 -29054
40310 -21128
39034 -20687
39004 -18650
36127 -17807
29825 -17163
28695 -12345
25143 -10737
23381 -4502
23355 -3467
23257 -1071
16381 -565
16284 2842
14033 4452
3124 5566
3015 10018
-2282 13451
-3015 22285
-3461 22728
-3940 24445
-7880 25280
-9051 30031
-17295 30495
-17344 34046
-18907 35072
-24105 36238
-25010 36268
-26971 37538
-31474 38374
-35697 46276
-36272 47556
-37034 47843
-37124 47979
-37839 52372
-39139 52557
-41704 57575
-41831 57964
-43401 59817
-46211 62680
-47671 63090
-48729 63136
-49963 63807
-50439 63941
-54484 65020
-54563 66145
-56513 67424
-57880 68141
-58761 68752
-59457 69895
-61192 70052
-61512 70127
-63652 70720
-64867 71068
-65050 73831
-65651 75696
-66122 76364
-68268 76864
-68284 77229
-68377 78055
-68571 78497
-68623 79215
-69063 80060
-70699 80788
-72516 81190
-72758 82555
-74513 83102
-76304 83389
-76324 84203
-78198 84524
-80485 85177
-85380 85484
-85542 86980
-87997 87124
-90286 89368
-91003 89721
-91004 91786
-91159 92125
-91164 92169
-91733 92534
-92291 92534
-92783 92553
-94765 92734
-94982 93586
-95287 93713
-95475 94313
-95784 94333
-95873 96248
-96089 97013
-96175 97015
-96318 97598
-96644 98225
-98610 98688
-98614 99784
-98808 99921
-99876 99977
Case #10: -838783451371
